2019-11-04 15:57:01,332 INFO basehttp 8908 16188 "GET / HTTP/1.1" 200 20618
2019-11-04 15:57:01,353 INFO basehttp 8908 16188 "GET /static/bootstrap/css/bootstrap.min.css HTTP/1.1" 304 0
2019-11-04 15:57:01,353 INFO basehttp 8908 13388 "GET /static/css/style.css HTTP/1.1" 304 0
2019-11-04 15:57:01,354 INFO basehttp 8908 6572 "GET /static/css/monokai.css HTTP/1.1" 304 0
2019-11-04 15:57:01,354 INFO basehttp 8908 1000 "GET /static/css/all.css HTTP/1.1" 304 0
2019-11-04 15:57:01,354 INFO basehttp 8908 9688 "GET /static/js/time.js HTTP/1.1" 304 0
2019-11-04 15:57:01,354 INFO basehttp 8908 11060 "GET /static/css/simplemde.min.css HTTP/1.1" 304 0
2019-11-04 15:57:01,361 INFO basehttp 8908 13388 "GET /static/js/popper.min.js HTTP/1.1" 304 0
2019-11-04 15:57:01,361 INFO basehttp 8908 16188 "GET /static/js/jquery-3.4.1.js HTTP/1.1" 304 0
2019-11-04 15:57:01,361 INFO basehttp 8908 1000 "GET /static/js/simplemde.min.js HTTP/1.1" 304 0
2019-11-04 15:57:01,362 INFO basehttp 8908 6572 "GET /static/bootstrap/js/bootstrap.min.js HTTP/1.1" 304 0
2019-11-04 15:57:01,363 INFO basehttp 8908 9688 "GET /static/js/blog-js.js HTTP/1.1" 304 0
2019-11-04 15:57:01,382 INFO basehttp 8908 9688 "GET /static/img/read_more_arrow.png HTTP/1.1" 304 0
2019-11-04 15:57:01,384 INFO basehttp 8908 6572 "GET /static/img/home-bg-4.jpg HTTP/1.1" 304 0
2019-11-04 15:57:01,389 INFO basehttp 8908 16188 "GET /static/webfonts/fa-regular-400.woff2 HTTP/1.1" 304 0
2019-11-04 15:57:01,389 INFO basehttp 8908 9688 "GET /static/webfonts/fa-solid-900.woff2 HTTP/1.1" 304 0
2019-11-04 15:57:01,390 INFO basehttp 8908 6572 "GET /static/webfonts/fa-brands-400.woff2 HTTP/1.1" 304 0
2019-11-04 15:57:01,390 INFO basehttp 8908 1000 "GET /static/webfonts/Lato-Bold.woff HTTP/1.1" 304 0
2019-11-04 15:57:01,390 INFO basehttp 8908 13388 "GET /static/webfonts/Lato-Regular.woff HTTP/1.1" 304 0
2019-11-04 15:57:01,815 WARNING log 8908 13388 Not Found: /favicon.ico
2019-11-04 15:57:01,815 WARNING basehttp 8908 13388 "GET /favicon.ico HTTP/1.1" 404 2876
2019-11-04 15:57:27,268 INFO basehttp 8908 13388 "GET /static/bootstrap/js/bootstrap.min.js.map HTTP/1.1" 304 0
2019-11-04 15:57:27,272 INFO basehttp 8908 13388 "GET /static/bootstrap/css/bootstrap.min.css.map HTTP/1.1" 304 0
2019-11-04 16:01:56,907 INFO basehttp 8908 13388 "GET / HTTP/1.1" 200 20618
2019-11-04 16:02:08,784 INFO basehttp 8908 13388 "GET / HTTP/1.1" 200 20618
2019-11-04 16:09:39,636 INFO basehttp 8908 9716 "GET / HTTP/1.1" 200 20618
2019-11-04 16:09:52,124 INFO basehttp 8908 9716 "GET / HTTP/1.1" 200 20618
2019-11-04 16:09:52,142 INFO basehttp 8908 9716 "GET /static/bootstrap/css/bootstrap.min.css HTTP/1.1" 200 155764
2019-11-04 16:09:52,142 INFO basehttp 8908 11236 "GET /static/css/monokai.css HTTP/1.1" 200 4118
2019-11-04 16:09:52,143 INFO basehttp 8908 15304 "GET /static/css/style.css HTTP/1.1" 200 15281
2019-11-04 16:09:52,145 INFO basehttp 8908 16364 "GET /static/css/simplemde.min.css HTTP/1.1" 200 10935
2019-11-04 16:09:52,146 INFO basehttp 8908 9392 "GET /static/css/all.css HTTP/1.1" 200 74946
2019-11-04 16:09:52,147 INFO basehttp 8908 9532 "GET /static/js/time.js HTTP/1.1" 200 891
2019-11-04 16:09:52,151 INFO basehttp 8908 9716 "GET /static/js/jquery-3.4.1.js HTTP/1.1" 200 88145
2019-11-04 16:09:52,155 INFO basehttp 8908 11236 "GET /static/js/popper.min.js HTTP/1.1" 200 20302
2019-11-04 16:09:52,156 INFO basehttp 8908 16364 "GET /static/js/blog-js.js HTTP/1.1" 200 3189
2019-11-04 16:09:52,156 INFO basehttp 8908 15304 "GET /static/bootstrap/js/bootstrap.min.js HTTP/1.1" 200 58078
2019-11-04 16:09:52,160 INFO basehttp 8908 9392 "GET /static/js/simplemde.min.js HTTP/1.1" 200 269322
2019-11-04 16:09:52,207 INFO basehttp 8908 9392 "GET /static/img/read_more_arrow.png HTTP/1.1" 200 1029
2019-11-04 16:09:52,214 INFO basehttp 8908 11236 "GET /static/webfonts/Lato-Bold.woff HTTP/1.1" 200 32372
2019-11-04 16:09:52,215 INFO basehttp 8908 9716 "GET /static/webfonts/fa-regular-400.woff2 HTTP/1.1" 200 13584
2019-11-04 16:09:52,216 INFO basehttp 8908 15304 "GET /static/webfonts/fa-solid-900.woff2 HTTP/1.1" 200 75728
2019-11-04 16:09:52,216 INFO basehttp 8908 9532 "GET /static/webfonts/Lato-Regular.woff HTTP/1.1" 200 31792
2019-11-04 16:09:52,217 INFO basehttp 8908 9392 "GET /static/webfonts/fa-brands-400.woff2 HTTP/1.1" 200 75336
2019-11-04 16:09:52,220 INFO basehttp 8908 16364 "GET /static/img/home-bg-4.jpg HTTP/1.1" 200 298115
2019-11-04 16:09:52,254 INFO basehttp 8908 16364 "GET /static/bootstrap/css/bootstrap.min.css.map HTTP/1.1" 200 625953
2019-11-04 16:09:52,312 INFO basehttp 8908 16364 "GET /static/bootstrap/js/bootstrap.min.js.map HTTP/1.1" 200 190253
2019-11-04 16:15:34,885 INFO basehttp 8908 9668 "GET / HTTP/1.1" 200 20618
2019-11-04 16:15:34,896 INFO basehttp 8908 9668 "GET /static/css/style.css HTTP/1.1" 304 0
2019-11-04 16:34:38,728 INFO basehttp 8908 17300 "GET / HTTP/1.1" 200 20618
2019-11-04 16:34:38,740 INFO basehttp 8908 17300 "GET /static/css/style.css HTTP/1.1" 200 15281
2019-11-04 16:36:48,489 INFO basehttp 8908 17300 "GET / HTTP/1.1" 200 20618
2019-11-04 16:36:48,500 INFO basehttp 8908 17300 "GET /static/css/style.css HTTP/1.1" 304 0
2019-11-04 16:36:52,288 INFO basehttp 8908 17300 "GET /accounts/logout/ HTTP/1.1" 200 304
2019-11-04 16:38:30,178 INFO basehttp 8908 17300 "GET / HTTP/1.1" 200 20617
2019-11-04 16:38:30,202 INFO basehttp 8908 17300 "GET /static/css/style.css HTTP/1.1" 304 0
2019-11-04 16:38:32,806 INFO basehttp 8908 17300 "GET /accounts/logout/ HTTP/1.1" 200 304
2019-11-04 16:44:37,520 INFO basehttp 8908 13952 "GET / HTTP/1.1" 200 20617
2019-11-04 16:44:37,533 INFO basehttp 8908 13952 "GET /static/css/style.css HTTP/1.1" 304 0
2019-11-04 16:44:40,340 ERROR log 8908 13952 Internal Server Error: /accounts/logout/
Traceback (most recent call last):
  File "J:\django\venv\lib\site-packages\django\template\base.py", line 470, in parse
    compile_func = self.tags[command]
KeyError: 'static'

During handling of the above exception, another exception occurred:

Traceback (most recent call last):
  File "J:\django\venv\lib\site-packages\django\core\handlers\exception.py", line 34, in inner
    response = get_response(request)
  File "J:\django\venv\lib\site-packages\django\core\handlers\base.py", line 145, in _get_response
    response = self.process_exception_by_middleware(e, request)
  File "J:\django\venv\lib\site-packages\django\core\handlers\base.py", line 143, in _get_response
    response = response.render()
  File "J:\django\venv\lib\site-packages\django\template\response.py", line 106, in render
    self.content = self.rendered_content
  File "J:\django\venv\lib\site-packages\django\template\response.py", line 81, in rendered_content
    template = self.resolve_template(self.template_name)
  File "J:\django\venv\lib\site-packages\django\template\response.py", line 63, in resolve_template
    return select_template(template, using=self.using)
  File "J:\django\venv\lib\site-packages\django\template\loader.py", line 42, in select_template
    return engine.get_template(template_name)
  File "J:\django\venv\lib\site-packages\django\template\backends\django.py", line 34, in get_template
    return Template(self.engine.get_template(template_name), self)
  File "J:\django\venv\lib\site-packages\django\template\engine.py", line 143, in get_template
    template, origin = self.find_template(template_name)
  File "J:\django\venv\lib\site-packages\django\template\engine.py", line 125, in find_template
    template = loader.get_template(name, skip=skip)
  File "J:\django\venv\lib\site-packages\django\template\loaders\base.py", line 30, in get_template
    contents, origin, origin.template_name, self.engine,
  File "J:\django\venv\lib\site-packages\django\template\base.py", line 156, in __init__
    self.nodelist = self.compile_nodelist()
  File "J:\django\venv\lib\site-packages\django\template\base.py", line 194, in compile_nodelist
    return parser.parse()
  File "J:\django\venv\lib\site-packages\django\template\base.py", line 472, in parse
    self.invalid_block_tag(token, command, parse_until)
  File "J:\django\venv\lib\site-packages\django\template\base.py", line 534, in invalid_block_tag
    "or load this tag?" % (token.lineno, command)
django.template.exceptions.TemplateSyntaxError: Invalid block tag on line 6: 'static'. Did you forget to register or load this tag?
2019-11-04 16:44:40,345 ERROR basehttp 8908 13952 "GET /accounts/logout/ HTTP/1.1" 500 133483
2019-11-04 16:45:35,460 INFO basehttp 8908 13952 "GET / HTTP/1.1" 200 20617
2019-11-04 16:45:37,998 ERROR log 8908 13952 Internal Server Error: /accounts/logout/
Traceback (most recent call last):
  File "J:\django\venv\lib\site-packages\django\template\base.py", line 470, in parse
    compile_func = self.tags[command]
KeyError: 'static'

During handling of the above exception, another exception occurred:

Traceback (most recent call last):
  File "J:\django\venv\lib\site-packages\django\core\handlers\exception.py", line 34, in inner
    response = get_response(request)
  File "J:\django\venv\lib\site-packages\django\core\handlers\base.py", line 145, in _get_response
    response = self.process_exception_by_middleware(e, request)
  File "J:\django\venv\lib\site-packages\django\core\handlers\base.py", line 143, in _get_response
    response = response.render()
  File "J:\django\venv\lib\site-packages\django\template\response.py", line 106, in render
    self.content = self.rendered_content
  File "J:\django\venv\lib\site-packages\django\template\response.py", line 81, in rendered_content
    template = self.resolve_template(self.template_name)
  File "J:\django\venv\lib\site-packages\django\template\response.py", line 63, in resolve_template
    return select_template(template, using=self.using)
  File "J:\django\venv\lib\site-packages\django\template\loader.py", line 42, in select_template
    return engine.get_template(template_name)
  File "J:\django\venv\lib\site-packages\django\template\backends\django.py", line 34, in get_template
    return Template(self.engine.get_template(template_name), self)
  File "J:\django\venv\lib\site-packages\django\template\engine.py", line 143, in get_template
    template, origin = self.find_template(template_name)
  File "J:\django\venv\lib\site-packages\django\template\engine.py", line 125, in find_template
    template = loader.get_template(name, skip=skip)
  File "J:\django\venv\lib\site-packages\django\template\loaders\base.py", line 30, in get_template
    contents, origin, origin.template_name, self.engine,
  File "J:\django\venv\lib\site-packages\django\template\base.py", line 156, in __init__
    self.nodelist = self.compile_nodelist()
  File "J:\django\venv\lib\site-packages\django\template\base.py", line 194, in compile_nodelist
    return parser.parse()
  File "J:\django\venv\lib\site-packages\django\template\base.py", line 472, in parse
    self.invalid_block_tag(token, command, parse_until)
  File "J:\django\venv\lib\site-packages\django\template\base.py", line 534, in invalid_block_tag
    "or load this tag?" % (token.lineno, command)
django.template.exceptions.TemplateSyntaxError: Invalid block tag on line 6: 'static'. Did you forget to register or load this tag?
2019-11-04 16:45:38,003 ERROR basehttp 8908 13952 "GET /accounts/logout/ HTTP/1.1" 500 134785
2019-11-04 16:46:15,900 INFO basehttp 8908 13952 "GET / HTTP/1.1" 200 20617
2019-11-04 16:46:15,915 INFO basehttp 8908 13952 "GET /static/css/style.css HTTP/1.1" 304 0
2019-11-04 16:46:18,393 INFO basehttp 8908 13952 "GET /accounts/logout/ HTTP/1.1" 200 672
2019-11-04 16:46:33,417 INFO basehttp 8908 13952 "POST /accounts/logout/ HTTP/1.1" 302 0
2019-11-04 16:46:33,451 INFO basehttp 8908 13952 "GET / HTTP/1.1" 200 20079
2019-11-04 16:46:38,454 INFO basehttp 8908 13952 "GET / HTTP/1.1" 200 20079
2019-11-04 16:46:40,793 INFO basehttp 8908 13952 "GET /accounts/login/ HTTP/1.1" 200 11487
2019-11-04 16:46:44,767 INFO basehttp 8908 13952 "GET /article/article-create/ HTTP/1.1" 302 0
2019-11-04 16:46:44,778 INFO basehttp 8908 13952 "GET /accounts/login/?next=/article/article-create/ HTTP/1.1" 200 11631
2019-11-04 16:46:45,967 INFO basehttp 8908 13952 "GET /article/article-list/ HTTP/1.1" 200 20079
2019-11-04 16:46:47,566 INFO basehttp 8908 13952 "GET /accounts/signup/ HTTP/1.1" 200 8191
2019-11-04 16:46:49,386 INFO basehttp 8908 13952 "GET /article/article-list/ HTTP/1.1" 200 20079
2019-11-04 16:49:01,995 INFO basehttp 8908 13952 "GET /article/article-list/ HTTP/1.1" 200 20079
2019-11-04 16:49:02,008 INFO basehttp 8908 13952 "GET /static/css/style.css HTTP/1.1" 304 0
2019-11-04 16:49:03,945 INFO basehttp 8908 13952 "GET /accounts/login/ HTTP/1.1" 200 11487
2019-11-04 16:49:19,516 INFO basehttp 8908 13952 "POST /accounts/login/ HTTP/1.1" 302 0
2019-11-04 16:49:19,550 INFO basehttp 8908 13952 "GET / HTTP/1.1" 200 20592
2019-11-04 16:49:19,618 INFO basehttp 8908 13952 "GET /media/avatar/20191009/pic3_w3heRk6.jpg HTTP/1.1" 200 70981
2019-11-04 16:49:22,129 ERROR log 8908 13952 Internal Server Error: /accounts/logout/
Traceback (most recent call last):
  File "J:\django\venv\lib\site-packages\django\template\base.py", line 470, in parse
    compile_func = self.tags[command]
KeyError: 'trans'

During handling of the above exception, another exception occurred:

Traceback (most recent call last):
  File "J:\django\venv\lib\site-packages\django\core\handlers\exception.py", line 34, in inner
    response = get_response(request)
  File "J:\django\venv\lib\site-packages\django\core\handlers\base.py", line 145, in _get_response
    response = self.process_exception_by_middleware(e, request)
  File "J:\django\venv\lib\site-packages\django\core\handlers\base.py", line 143, in _get_response
    response = response.render()
  File "J:\django\venv\lib\site-packages\django\template\response.py", line 106, in render
    self.content = self.rendered_content
  File "J:\django\venv\lib\site-packages\django\template\response.py", line 81, in rendered_content
    template = self.resolve_template(self.template_name)
  File "J:\django\venv\lib\site-packages\django\template\response.py", line 63, in resolve_template
    return select_template(template, using=self.using)
  File "J:\django\venv\lib\site-packages\django\template\loader.py", line 42, in select_template
    return engine.get_template(template_name)
  File "J:\django\venv\lib\site-packages\django\template\backends\django.py", line 34, in get_template
    return Template(self.engine.get_template(template_name), self)
  File "J:\django\venv\lib\site-packages\django\template\engine.py", line 143, in get_template
    template, origin = self.find_template(template_name)
  File "J:\django\venv\lib\site-packages\django\template\engine.py", line 125, in find_template
    template = loader.get_template(name, skip=skip)
  File "J:\django\venv\lib\site-packages\django\template\loaders\base.py", line 30, in get_template
    contents, origin, origin.template_name, self.engine,
  File "J:\django\venv\lib\site-packages\django\template\base.py", line 156, in __init__
    self.nodelist = self.compile_nodelist()
  File "J:\django\venv\lib\site-packages\django\template\base.py", line 194, in compile_nodelist
    return parser.parse()
  File "J:\django\venv\lib\site-packages\django\template\base.py", line 478, in parse
    raise self.error(token, e)
  File "J:\django\venv\lib\site-packages\django\template\base.py", line 476, in parse
    compiled_result = compile_func(self, token)
  File "J:\django\venv\lib\site-packages\django\template\loader_tags.py", line 209, in do_block
    nodelist = parser.parse(('endblock',))
  File "J:\django\venv\lib\site-packages\django\template\base.py", line 472, in parse
    self.invalid_block_tag(token, command, parse_until)
  File "J:\django\venv\lib\site-packages\django\template\base.py", line 528, in invalid_block_tag
    get_text_list(["'%s'" % p for p in parse_until], 'or'),
django.template.exceptions.TemplateSyntaxError: Invalid block tag on line 4: 'trans', expected 'endblock'. Did you forget to register or load this tag?
2019-11-04 16:49:22,133 ERROR basehttp 8908 13952 "GET /accounts/logout/ HTTP/1.1" 500 145521
2019-11-04 16:49:56,333 INFO basehttp 8908 13952 "GET / HTTP/1.1" 200 20592
2019-11-04 16:49:59,187 ERROR log 8908 13952 Internal Server Error: /accounts/logout/
Traceback (most recent call last):
  File "J:\django\venv\lib\site-packages\django\template\base.py", line 470, in parse
    compile_func = self.tags[command]
KeyError: 'trans'

During handling of the above exception, another exception occurred:

Traceback (most recent call last):
  File "J:\django\venv\lib\site-packages\django\core\handlers\exception.py", line 34, in inner
    response = get_response(request)
  File "J:\django\venv\lib\site-packages\django\core\handlers\base.py", line 145, in _get_response
    response = self.process_exception_by_middleware(e, request)
  File "J:\django\venv\lib\site-packages\django\core\handlers\base.py", line 143, in _get_response
    response = response.render()
  File "J:\django\venv\lib\site-packages\django\template\response.py", line 106, in render
    self.content = self.rendered_content
  File "J:\django\venv\lib\site-packages\django\template\response.py", line 81, in rendered_content
    template = self.resolve_template(self.template_name)
  File "J:\django\venv\lib\site-packages\django\template\response.py", line 63, in resolve_template
    return select_template(template, using=self.using)
  File "J:\django\venv\lib\site-packages\django\template\loader.py", line 42, in select_template
    return engine.get_template(template_name)
  File "J:\django\venv\lib\site-packages\django\template\backends\django.py", line 34, in get_template
    return Template(self.engine.get_template(template_name), self)
  File "J:\django\venv\lib\site-packages\django\template\engine.py", line 143, in get_template
    template, origin = self.find_template(template_name)
  File "J:\django\venv\lib\site-packages\django\template\engine.py", line 125, in find_template
    template = loader.get_template(name, skip=skip)
  File "J:\django\venv\lib\site-packages\django\template\loaders\base.py", line 30, in get_template
    contents, origin, origin.template_name, self.engine,
  File "J:\django\venv\lib\site-packages\django\template\base.py", line 156, in __init__
    self.nodelist = self.compile_nodelist()
  File "J:\django\venv\lib\site-packages\django\template\base.py", line 194, in compile_nodelist
    return parser.parse()
  File "J:\django\venv\lib\site-packages\django\template\base.py", line 478, in parse
    raise self.error(token, e)
  File "J:\django\venv\lib\site-packages\django\template\base.py", line 476, in parse
    compiled_result = compile_func(self, token)
  File "J:\django\venv\lib\site-packages\django\template\loader_tags.py", line 266, in do_extends
    nodelist = parser.parse()
  File "J:\django\venv\lib\site-packages\django\template\base.py", line 478, in parse
    raise self.error(token, e)
  File "J:\django\venv\lib\site-packages\django\template\base.py", line 476, in parse
    compiled_result = compile_func(self, token)
  File "J:\django\venv\lib\site-packages\django\template\loader_tags.py", line 209, in do_block
    nodelist = parser.parse(('endblock',))
  File "J:\django\venv\lib\site-packages\django\template\base.py", line 472, in parse
    self.invalid_block_tag(token, command, parse_until)
  File "J:\django\venv\lib\site-packages\django\template\base.py", line 528, in invalid_block_tag
    get_text_list(["'%s'" % p for p in parse_until], 'or'),
django.template.exceptions.TemplateSyntaxError: Invalid block tag on line 4: 'trans', expected 'endblock'. Did you forget to register or load this tag?
2019-11-04 16:49:59,193 ERROR basehttp 8908 13952 "GET /accounts/logout/ HTTP/1.1" 500 158843
2019-11-04 16:50:33,395 INFO basehttp 8908 13952 "GET / HTTP/1.1" 200 20592
2019-11-04 16:50:33,411 INFO basehttp 8908 13952 "GET /static/css/style.css HTTP/1.1" 304 0
2019-11-04 16:50:36,175 INFO basehttp 8908 13952 "GET /accounts/logout/ HTTP/1.1" 200 695
2019-11-04 16:50:55,546 INFO basehttp 8908 13952 "GET / HTTP/1.1" 200 20592
2019-11-04 16:50:58,014 INFO basehttp 8908 13952 "GET /accounts/logout/ HTTP/1.1" 200 677
2019-11-04 16:51:29,474 INFO basehttp 8908 13952 "GET / HTTP/1.1" 200 20592
2019-11-04 16:51:31,637 INFO basehttp 8908 13952 "GET /accounts/logout/ HTTP/1.1" 200 699
2019-11-04 16:57:20,786 INFO basehttp 8908 13980 "GET / HTTP/1.1" 200 20592
2019-11-04 16:57:20,799 INFO basehttp 8908 13980 "GET /static/css/style.css HTTP/1.1" 304 0
2019-11-04 16:57:23,002 INFO basehttp 8908 13980 "GET /accounts/logout/ HTTP/1.1" 200 699
2019-11-04 17:02:22,325 ERROR log 8908 13980 Internal Server Error: /
Traceback (most recent call last):
  File "J:\django\venv\lib\site-packages\django\template\base.py", line 470, in parse
    compile_func = self.tags[command]
KeyError: 'trans'

During handling of the above exception, another exception occurred:

Traceback (most recent call last):
  File "J:\django\venv\lib\site-packages\django\core\handlers\exception.py", line 34, in inner
    response = get_response(request)
  File "J:\django\venv\lib\site-packages\django\core\handlers\base.py", line 145, in _get_response
    response = self.process_exception_by_middleware(e, request)
  File "J:\django\venv\lib\site-packages\django\core\handlers\base.py", line 143, in _get_response
    response = response.render()
  File "J:\django\venv\lib\site-packages\django\template\response.py", line 106, in render
    self.content = self.rendered_content
  File "J:\django\venv\lib\site-packages\django\template\response.py", line 83, in rendered_content
    content = template.render(context, self._request)
  File "J:\django\venv\lib\site-packages\django\template\backends\django.py", line 61, in render
    return self.template.render(context)
  File "J:\django\venv\lib\site-packages\django\template\base.py", line 171, in render
    return self._render(context)
  File "J:\django\venv\lib\site-packages\django\template\base.py", line 163, in _render
    return self.nodelist.render(context)
  File "J:\django\venv\lib\site-packages\django\template\base.py", line 937, in render
    bit = node.render_annotated(context)
  File "J:\django\venv\lib\site-packages\django\template\base.py", line 904, in render_annotated
    return self.render(context)
  File "J:\django\venv\lib\site-packages\django\template\loader_tags.py", line 150, in render
    return compiled_parent._render(context)
  File "J:\django\venv\lib\site-packages\django\template\base.py", line 163, in _render
    return self.nodelist.render(context)
  File "J:\django\venv\lib\site-packages\django\template\base.py", line 937, in render
    bit = node.render_annotated(context)
  File "J:\django\venv\lib\site-packages\django\template\base.py", line 904, in render_annotated
    return self.render(context)
  File "J:\django\venv\lib\site-packages\django\template\loader_tags.py", line 176, in render
    template = context.template.engine.get_template(template_name)
  File "J:\django\venv\lib\site-packages\django\template\engine.py", line 143, in get_template
    template, origin = self.find_template(template_name)
  File "J:\django\venv\lib\site-packages\django\template\engine.py", line 125, in find_template
    template = loader.get_template(name, skip=skip)
  File "J:\django\venv\lib\site-packages\django\template\loaders\base.py", line 30, in get_template
    contents, origin, origin.template_name, self.engine,
  File "J:\django\venv\lib\site-packages\django\template\base.py", line 156, in __init__
    self.nodelist = self.compile_nodelist()
  File "J:\django\venv\lib\site-packages\django\template\base.py", line 194, in compile_nodelist
    return parser.parse()
  File "J:\django\venv\lib\site-packages\django\template\base.py", line 472, in parse
    self.invalid_block_tag(token, command, parse_until)
  File "J:\django\venv\lib\site-packages\django\template\base.py", line 534, in invalid_block_tag
    "or load this tag?" % (token.lineno, command)
django.template.exceptions.TemplateSyntaxError: Invalid block tag on line 73: 'trans'. Did you forget to register or load this tag?
2019-11-04 17:02:22,330 ERROR basehttp 8908 13980 "GET / HTTP/1.1" 500 190727
2019-11-04 17:02:40,039 INFO basehttp 8908 13980 "GET / HTTP/1.1" 200 20863
2019-11-04 17:02:40,051 INFO basehttp 8908 13980 "GET /static/css/style.css HTTP/1.1" 304 0
2019-11-04 17:02:54,237 INFO basehttp 8908 13980 "GET / HTTP/1.1" 200 20850
2019-11-04 17:02:57,984 INFO basehttp 8908 13980 "POST /accounts/logout/ HTTP/1.1" 302 0
2019-11-04 17:02:58,019 INFO basehttp 8908 13980 "GET / HTTP/1.1" 200 20337
2019-11-04 17:03:04,292 INFO basehttp 8908 13980 "GET /accounts/login/ HTTP/1.1" 200 11745
2019-11-04 17:03:14,441 INFO basehttp 8908 13980 "POST /accounts/login/ HTTP/1.1" 302 0
2019-11-04 17:03:14,480 INFO basehttp 8908 13980 "GET / HTTP/1.1" 200 20850
2019-11-04 17:03:19,880 INFO basehttp 8908 13980 "GET /article/article-create/ HTTP/1.1" 200 12663
2019-11-04 17:03:19,894 INFO basehttp 8908 4972 "GET /static/prism/prism.css HTTP/1.1" 200 4159
2019-11-04 17:03:19,896 INFO basehttp 8908 13980 "GET /static/ckeditor/ckeditor/plugins/prism/lib/prism/prism_patched.min.js HTTP/1.1" 200 99487
2019-11-04 17:03:30,020 INFO basehttp 8908 13980 "POST /accounts/logout/ HTTP/1.1" 302 0
2019-11-04 17:03:30,051 INFO basehttp 8908 13980 "GET / HTTP/1.1" 200 20337
2019-11-04 17:11:52,827 INFO basehttp 8908 892 "GET /article/article-detail/9/ HTTP/1.1" 200 49670
2019-11-04 17:11:52,839 INFO basehttp 8908 892 "GET /static/css/style.css HTTP/1.1" 304 0
2019-11-04 17:11:52,928 INFO basehttp 8908 892 "GET /static/img/pagination.png HTTP/1.1" 200 991
2019-11-04 17:11:52,932 INFO basehttp 8908 8384 "GET /static/img/pic4.jpg HTTP/1.1" 200 132081
2019-11-04 17:11:55,924 INFO basehttp 8908 8384 "GET /accounts/login/ HTTP/1.1" 200 12008
2019-11-04 17:12:06,096 INFO basehttp 8908 8384 "POST /accounts/login/ HTTP/1.1" 302 0
2019-11-04 17:12:06,132 INFO basehttp 8908 8384 "GET / HTTP/1.1" 200 21113
2019-11-04 17:12:08,932 INFO basehttp 8908 8384 "GET /article/article-detail/9/ HTTP/1.1" 200 52936
2019-11-04 17:12:08,971 INFO basehttp 8908 8384 "GET /static/ckeditor/ckeditor-init.js HTTP/1.1" 200 2216
2019-11-04 17:12:09,003 INFO basehttp 8908 892 "GET /static/ckeditor/ckeditor/ckeditor.js HTTP/1.1" 200 701922
2019-11-04 17:12:09,298 INFO basehttp 8908 892 "GET /static/ckeditor/ckeditor/config.js?t=J39A HTTP/1.1" 200 338
2019-11-04 17:12:09,361 INFO basehttp 8908 892 "GET /static/ckeditor/ckeditor/skins/moono-lisa/editor.css?t=J39A HTTP/1.1" 200 47805
2019-11-04 17:12:09,376 INFO basehttp 8908 8384 "GET /static/ckeditor/ckeditor/lang/en.js?t=J39A HTTP/1.1" 200 18861
2019-11-04 17:12:09,393 INFO basehttp 8908 8384 "GET /static/ckeditor/ckeditor/styles.js?t=J39A HTTP/1.1" 200 5579
2019-11-04 17:12:09,422 INFO basehttp 8908 892 "GET /static/ckeditor/ckeditor/plugins/prism/plugin.js?t=J39A HTTP/1.1" 200 4333
2019-11-04 17:12:09,432 INFO basehttp 8908 8384 "GET /static/ckeditor/ckeditor/plugins/codesnippet/plugin.js?t=J39A HTTP/1.1" 200 3824
2019-11-04 17:12:09,453 INFO basehttp 8908 8384 "GET /static/ckeditor/ckeditor/plugins/scayt/skins/moono-lisa/scayt.css?t=J39A HTTP/1.1" 200 381
2019-11-04 17:12:09,453 INFO basehttp 8908 892 "GET /static/ckeditor/ckeditor/plugins/scayt/dialogs/dialog.css?t=J39A HTTP/1.1" 200 419
2019-11-04 17:12:09,455 INFO basehttp 8908 13400 "GET /static/ckeditor/ckeditor/plugins/codesnippet/lang/en.js?t=J39A HTTP/1.1" 200 369
2019-11-04 17:12:09,465 INFO basehttp 8908 12864 "GET /static/ckeditor/ckeditor/plugins/wsc/skins/moono-lisa/wsc.css?t=J39A HTTP/1.1" 200 1306
2019-11-04 17:12:09,480 INFO basehttp 8908 16096 "GET /static/ckeditor/ckeditor/plugins/tableselection/styles/tableselection.css HTTP/1.1" 200 1145
2019-11-04 17:12:09,483 INFO basehttp 8908 13400 "GET /static/ckeditor/ckeditor/plugins/copyformatting/styles/copyformatting.css HTTP/1.1" 200 1513
2019-11-04 17:12:09,505 INFO basehttp 8908 16096 "GET /static/ckeditor/ckeditor/plugins/codesnippet/icons/codesnippet.png?t=J39A HTTP/1.1" 200 597
2019-11-04 17:12:09,516 INFO basehttp 8908 13400 "GET /static/ckeditor/ckeditor/skins/moono-lisa/icons.png?t=e1836357e HTTP/1.1" 200 12421
2019-11-04 17:12:09,529 INFO basehttp 8908 16096 "GET /static/ckeditor/ckeditor/plugins/prism/lib/prism/prism_patched.min.css HTTP/1.1" 200 2063
2019-11-04 17:12:09,543 INFO basehttp 8908 13400 "GET /static/ckeditor/ckeditor/contents.css?t=J39A HTTP/1.1" 200 3094
2019-11-04 17:12:19,994 INFO basehttp 8908 13400 "GET /article/article-list/ HTTP/1.1" 200 21113
2019-11-04 17:22:48,426 INFO basehttp 8908 6560 "GET /article/article-list/ HTTP/1.1" 200 20571
2019-11-04 17:22:48,439 INFO basehttp 8908 6560 "GET /static/css/style.css HTTP/1.1" 304 0
2019-11-04 17:22:50,740 INFO basehttp 8908 6560 "GET /accounts/logout/ HTTP/1.1" 200 699
2019-11-04 17:23:33,521 INFO basehttp 8908 6560 "GET /article/article-list/ HTTP/1.1" 200 20571
2019-11-04 17:23:33,543 INFO basehttp 8908 10376 "GET /static/css/all.css HTTP/1.1" 200 74946
2019-11-04 17:23:33,544 INFO basehttp 8908 2988 "GET /static/css/style.css HTTP/1.1" 200 15281
2019-11-04 17:23:33,548 INFO basehttp 8908 6560 "GET /static/bootstrap/css/bootstrap.min.css HTTP/1.1" 200 155764
2019-11-04 17:23:33,548 INFO basehttp 8908 11244 "GET /static/css/monokai.css HTTP/1.1" 200 4118
2019-11-04 17:23:33,548 INFO basehttp 8908 10652 "GET /static/js/time.js HTTP/1.1" 200 891
2019-11-04 17:23:33,549 INFO basehttp 8908 1720 "GET /static/css/simplemde.min.css HTTP/1.1" 200 10935
2019-11-04 17:23:33,550 INFO basehttp 8908 2988 "GET /static/js/popper.min.js HTTP/1.1" 200 20302
2019-11-04 17:23:33,552 INFO basehttp 8908 10376 "GET /static/js/jquery-3.4.1.js HTTP/1.1" 200 88145
2019-11-04 17:23:33,561 INFO basehttp 8908 11244 "GET /static/bootstrap/js/bootstrap.min.js HTTP/1.1" 200 58078
2019-11-04 17:23:33,564 INFO basehttp 8908 10652 "GET /static/js/blog-js.js HTTP/1.1" 200 3247
2019-11-04 17:23:33,565 INFO basehttp 8908 6560 "GET /static/js/simplemde.min.js HTTP/1.1" 200 269322
2019-11-04 17:23:33,618 INFO basehttp 8908 6560 "GET /static/img/read_more_arrow.png HTTP/1.1" 200 1029
2019-11-04 17:23:33,622 INFO basehttp 8908 1720 "GET /static/webfonts/fa-regular-400.woff2 HTTP/1.1" 200 13584
2019-11-04 17:23:33,622 INFO basehttp 8908 2988 "GET /static/webfonts/Lato-Bold.woff HTTP/1.1" 200 32372
2019-11-04 17:23:33,623 INFO basehttp 8908 6560 "GET /static/webfonts/Lato-Regular.woff HTTP/1.1" 200 31792
2019-11-04 17:23:33,624 INFO basehttp 8908 11244 "GET /media/avatar/20191009/pic3_w3heRk6.jpg HTTP/1.1" 200 70981
2019-11-04 17:23:33,624 INFO basehttp 8908 10376 "GET /static/webfonts/fa-solid-900.woff2 HTTP/1.1" 200 75728
2019-11-04 17:23:33,628 INFO basehttp 8908 2988 "GET /static/webfonts/fa-brands-400.woff2 HTTP/1.1" 200 75336
2019-11-04 17:23:33,629 INFO basehttp 8908 10652 "GET /static/img/home-bg-4.jpg HTTP/1.1" 200 298115
2019-11-04 17:23:33,661 INFO basehttp 8908 2988 "GET /static/bootstrap/css/bootstrap.min.css.map HTTP/1.1" 200 625953
2019-11-04 17:23:33,705 INFO basehttp 8908 2988 "GET /static/bootstrap/js/bootstrap.min.js.map HTTP/1.1" 200 190253
2019-11-04 17:23:40,152 INFO basehttp 8908 2988 "GET /accounts/logout/ HTTP/1.1" 200 699
2019-11-04 17:23:40,166 INFO basehttp 8908 2988 "GET /static/js/blog-js.js HTTP/1.1" 304 0
2019-11-04 17:24:00,257 INFO basehttp 8908 2988 "GET /article/article-list/ HTTP/1.1" 200 20571
2019-11-04 17:24:00,273 INFO basehttp 8908 2988 "GET /static/js/blog-js.js HTTP/1.1" 304 0
2019-11-04 17:24:02,593 INFO basehttp 8908 2988 "GET /accounts/logout/ HTTP/1.1" 200 677
2019-11-04 17:24:04,419 INFO basehttp 8908 2988 "POST /accounts/logout/ HTTP/1.1" 302 0
2019-11-04 17:24:04,452 INFO basehttp 8908 2988 "GET / HTTP/1.1" 200 20058
2019-11-04 17:47:39,742 INFO basehttp 8908 15264 "GET /article/article-list/ HTTP/1.1" 200 20307
2019-11-04 17:47:39,759 INFO basehttp 8908 15264 "GET /static/css/style.css HTTP/1.1" 304 0
2019-11-04 17:47:39,761 INFO basehttp 8908 6304 "GET /static/js/blog-js.js HTTP/1.1" 304 0
2019-11-04 17:47:41,531 INFO basehttp 8908 6304 "GET /accounts/login/ HTTP/1.1" 200 11715
2019-11-04 17:47:51,448 INFO basehttp 8908 6304 "POST /accounts/login/ HTTP/1.1" 200 12001
2019-11-04 17:48:02,828 INFO basehttp 8908 6304 "POST /accounts/login/ HTTP/1.1" 302 0
2019-11-04 17:48:02,873 INFO basehttp 8908 6304 "GET / HTTP/1.1" 200 20820
2019-11-04 17:49:00,039 INFO basehttp 8908 6304 "GET / HTTP/1.1" 200 20854
2019-11-04 17:49:34,903 INFO basehttp 8908 6304 "POST /accounts/logout/ HTTP/1.1" 302 0
2019-11-04 17:49:34,936 INFO basehttp 8908 6304 "GET / HTTP/1.1" 200 20341
2019-11-04 17:49:54,790 INFO basehttp 8908 6304 "GET / HTTP/1.1" 200 20307
2019-11-04 17:49:59,502 INFO basehttp 8908 6304 "GET /article/article-create/ HTTP/1.1" 302 0
2019-11-04 17:49:59,513 INFO basehttp 8908 6304 "GET /accounts/login/?next=/article/article-create/ HTTP/1.1" 200 11976
2019-11-04 17:52:58,277 INFO basehttp 8908 6304 "GET /accounts/login/?next=/article/article-create/ HTTP/1.1" 200 11976
2019-11-04 17:52:58,290 INFO basehttp 8908 6304 "GET /static/js/blog-js.js HTTP/1.1" 304 0
2019-11-04 17:53:44,007 INFO basehttp 8908 6304 "GET /accounts/login/?next=/article/article-create/ HTTP/1.1" 200 11976
2019-11-04 17:53:44,028 INFO basehttp 8908 5436 "GET /static/css/style.css HTTP/1.1" 200 15333
2019-11-04 17:53:44,029 INFO basehttp 8908 15440 "GET /static/css/all.css HTTP/1.1" 200 74946
2019-11-04 17:53:44,029 INFO basehttp 8908 6304 "GET /static/bootstrap/css/bootstrap.min.css HTTP/1.1" 200 155764
2019-11-04 17:53:44,030 INFO basehttp 8908 8228 "GET /static/css/monokai.css HTTP/1.1" 200 4118
2019-11-04 17:53:44,030 INFO basehttp 8908 8744 "GET /static/css/simplemde.min.css HTTP/1.1" 200 10935
2019-11-04 17:53:44,036 INFO basehttp 8908 5436 "GET /static/js/popper.min.js HTTP/1.1" 200 20302
2019-11-04 17:53:44,039 INFO basehttp 8908 15440 "GET /static/bootstrap/js/bootstrap.min.js HTTP/1.1" 200 58078
2019-11-04 17:53:44,041 INFO basehttp 8908 6304 "GET /static/js/blog-js.js HTTP/1.1" 200 3247
2019-11-04 17:53:44,041 INFO basehttp 8908 16536 "GET /static/js/jquery-3.4.1.js HTTP/1.1" 200 88145
2019-11-04 17:53:44,045 INFO basehttp 8908 8228 "GET /static/js/simplemde.min.js HTTP/1.1" 200 269322
2019-11-04 17:53:44,095 INFO basehttp 8908 6304 "GET /static/webfonts/Lato-Bold.woff HTTP/1.1" 200 32372
2019-11-04 17:53:44,095 INFO basehttp 8908 8228 "GET /static/webfonts/fa-solid-900.woff2 HTTP/1.1" 200 75728
2019-11-04 17:53:44,096 INFO basehttp 8908 15440 "GET /static/webfonts/fa-brands-400.woff2 HTTP/1.1" 200 75336
2019-11-04 17:53:44,133 INFO basehttp 8908 15440 "GET /static/bootstrap/css/bootstrap.min.css.map HTTP/1.1" 200 625953
2019-11-04 17:53:44,191 INFO basehttp 8908 15440 "GET /static/bootstrap/js/bootstrap.min.js.map HTTP/1.1" 200 190253
2019-11-04 17:54:03,905 INFO basehttp 8908 15440 "POST /accounts/login/ HTTP/1.1" 302 0
2019-11-04 17:54:03,940 INFO basehttp 8908 15440 "GET / HTTP/1.1" 200 20820
2019-11-04 17:54:03,953 INFO basehttp 8908 15440 "GET /static/css/style.css HTTP/1.1" 304 0
2019-11-04 17:54:03,954 INFO basehttp 8908 8228 "GET /static/js/time.js HTTP/1.1" 200 891
2019-11-04 17:54:04,014 INFO basehttp 8908 8228 "GET /static/img/read_more_arrow.png HTTP/1.1" 200 1029
2019-11-04 17:54:04,016 INFO basehttp 8908 16536 "GET /static/webfonts/fa-regular-400.woff2 HTTP/1.1" 200 13584
2019-11-04 17:54:04,017 INFO basehttp 8908 5436 "GET /static/webfonts/Lato-Regular.woff HTTP/1.1" 200 31792
2019-11-04 17:54:04,017 INFO basehttp 8908 6304 "GET /media/avatar/20191009/pic3_w3heRk6.jpg HTTP/1.1" 200 70981
2019-11-04 17:54:04,021 INFO basehttp 8908 15440 "GET /static/img/home-bg-4.jpg HTTP/1.1" 200 298115
2019-11-04 17:54:22,419 INFO basehttp 8908 15440 "GET /404/ HTTP/1.1" 200 1495
2019-11-04 18:00:24,244 INFO basehttp 8908 11472 "GET / HTTP/1.1" 200 20820
2019-11-04 18:00:24,257 INFO basehttp 8908 11472 "GET /static/css/style.css HTTP/1.1" 304 0
2019-11-04 18:00:24,258 INFO basehttp 8908 6496 "GET /static/js/blog-js.js HTTP/1.1" 304 0
2019-11-04 18:02:36,335 INFO basehttp 8908 6496 "GET / HTTP/1.1" 200 20820
2019-11-04 18:02:36,348 INFO basehttp 8908 6496 "GET /static/css/style.css HTTP/1.1" 200 15346
2019-11-04 18:02:51,765 INFO basehttp 8908 6496 "GET / HTTP/1.1" 200 20820
2019-11-04 18:02:51,784 INFO basehttp 8908 3012 "GET /static/css/style.css HTTP/1.1" 200 15346
2019-11-04 18:02:51,784 INFO basehttp 8908 11472 "GET /static/css/all.css HTTP/1.1" 200 74946
2019-11-04 18:02:51,790 INFO basehttp 8908 6496 "GET /static/bootstrap/css/bootstrap.min.css HTTP/1.1" 200 155764
2019-11-04 18:02:51,794 INFO basehttp 8908 15768 "GET /static/css/monokai.css HTTP/1.1" 200 4118
2019-11-04 18:02:51,794 INFO basehttp 8908 9896 "GET /static/css/simplemde.min.css HTTP/1.1" 200 10935
2019-11-04 18:02:51,796 INFO basehttp 8908 6104 "GET /static/js/time.js HTTP/1.1" 200 891
2019-11-04 18:02:51,796 INFO basehttp 8908 3012 "GET /static/js/popper.min.js HTTP/1.1" 200 20302
2019-11-04 18:02:51,800 INFO basehttp 8908 11472 "GET /static/js/jquery-3.4.1.js HTTP/1.1" 200 88145
2019-11-04 18:02:51,800 INFO basehttp 8908 6496 "GET /static/bootstrap/js/bootstrap.min.js HTTP/1.1" 200 58078
2019-11-04 18:02:51,800 INFO basehttp 8908 15768 "GET /static/js/blog-js.js HTTP/1.1" 200 3247
2019-11-04 18:02:51,806 INFO basehttp 8908 9896 "GET /static/js/simplemde.min.js HTTP/1.1" 200 269322
2019-11-04 18:02:51,858 INFO basehttp 8908 9896 "GET /static/img/read_more_arrow.png HTTP/1.1" 200 1029
2019-11-04 18:02:51,863 INFO basehttp 8908 3012 "GET /static/webfonts/fa-regular-400.woff2 HTTP/1.1" 200 13584
2019-11-04 18:02:51,863 INFO basehttp 8908 6104 "GET /static/webfonts/Lato-Bold.woff HTTP/1.1" 200 32372
2019-11-04 18:02:51,864 INFO basehttp 8908 11472 "GET /static/webfonts/fa-solid-900.woff2 HTTP/1.1" 200 75728
2019-11-04 18:02:51,864 INFO basehttp 8908 9896 "GET /static/webfonts/Lato-Regular.woff HTTP/1.1" 200 31792
2019-11-04 18:02:51,865 INFO basehttp 8908 6496 "GET /media/avatar/20191009/pic3_w3heRk6.jpg HTTP/1.1" 200 70981
2019-11-04 18:02:51,868 INFO basehttp 8908 3012 "GET /static/webfonts/fa-brands-400.woff2 HTTP/1.1" 200 75336
2019-11-04 18:02:51,869 INFO basehttp 8908 15768 "GET /static/img/home-bg-4.jpg HTTP/1.1" 200 298115
2019-11-04 18:02:51,904 INFO basehttp 8908 3012 "GET /static/bootstrap/css/bootstrap.min.css.map HTTP/1.1" 200 625953
2019-11-04 18:02:51,946 INFO basehttp 8908 3012 "GET /static/bootstrap/js/bootstrap.min.js.map HTTP/1.1" 200 190253
2019-11-04 18:04:36,978 INFO basehttp 8908 3012 "GET / HTTP/1.1" 200 20820
2019-11-04 18:04:36,991 INFO basehttp 8908 3012 "GET /static/css/style.css HTTP/1.1" 200 15362
2019-11-04 18:04:52,708 INFO basehttp 8908 3012 "GET / HTTP/1.1" 200 20820
2019-11-04 18:04:52,720 INFO basehttp 8908 3012 "GET /static/css/style.css HTTP/1.1" 200 15349
2019-11-04 18:08:05,701 INFO basehttp 8908 3012 "GET / HTTP/1.1" 200 20820
2019-11-04 18:08:05,714 INFO basehttp 8908 3012 "GET /static/css/style.css HTTP/1.1" 200 15521
2019-11-04 18:08:05,714 INFO basehttp 8908 11964 "GET /static/js/blog-js.js HTTP/1.1" 304 0
2019-11-04 18:09:13,866 INFO basehttp 8908 11964 "GET / HTTP/1.1" 200 20878
2019-11-04 18:09:13,880 INFO basehttp 8908 11964 "GET /static/css/style.css HTTP/1.1" 304 0
2019-11-04 18:10:58,990 INFO basehttp 8908 11964 "GET / HTTP/1.1" 200 20878
2019-11-04 18:10:59,004 INFO basehttp 8908 11964 "GET /static/css/style.css HTTP/1.1" 200 15545
2019-11-04 18:13:03,422 INFO basehttp 8908 11964 "GET / HTTP/1.1" 200 20878
2019-11-04 18:13:03,435 INFO basehttp 8908 3012 "GET /static/js/blog-js.js HTTP/1.1" 304 0
2019-11-04 18:13:03,436 INFO basehttp 8908 11964 "GET /static/css/style.css HTTP/1.1" 200 15555
2019-11-04 18:13:18,143 INFO basehttp 8908 11964 "GET / HTTP/1.1" 200 20878
2019-11-04 18:13:18,155 INFO basehttp 8908 11964 "GET /static/css/style.css HTTP/1.1" 200 15559
2019-11-04 18:15:08,250 INFO basehttp 8908 11964 "GET / HTTP/1.1" 200 20878
2019-11-04 18:15:08,262 INFO basehttp 8908 11964 "GET /static/css/style.css HTTP/1.1" 200 15757
2019-11-04 18:15:36,532 INFO basehttp 8908 11964 "GET / HTTP/1.1" 200 20878
2019-11-04 18:15:36,552 INFO basehttp 8908 10856 "GET /static/css/style.css HTTP/1.1" 200 15757
2019-11-04 18:15:36,552 INFO basehttp 8908 16856 "GET /static/css/monokai.css HTTP/1.1" 200 4118
2019-11-04 18:15:36,556 INFO basehttp 8908 3012 "GET /static/css/all.css HTTP/1.1" 200 74946
2019-11-04 18:15:36,558 INFO basehttp 8908 17216 "GET /static/css/simplemde.min.css HTTP/1.1" 200 10935
2019-11-04 18:15:36,558 INFO basehttp 8908 11964 "GET /static/bootstrap/css/bootstrap.min.css HTTP/1.1" 200 155764
2019-11-04 18:15:36,558 INFO basehttp 8908 13704 "GET /static/js/time.js HTTP/1.1" 200 891
2019-11-04 18:15:36,562 INFO basehttp 8908 16856 "GET /static/js/popper.min.js HTTP/1.1" 200 20302
2019-11-04 18:15:36,563 INFO basehttp 8908 11964 "GET /static/js/blog-js.js HTTP/1.1" 200 3247
2019-11-04 18:15:36,564 INFO basehttp 8908 10856 "GET /static/js/jquery-3.4.1.js HTTP/1.1" 200 88145
2019-11-04 18:15:36,564 INFO basehttp 8908 3012 "GET /static/bootstrap/js/bootstrap.min.js HTTP/1.1" 200 58078
2019-11-04 18:15:36,569 INFO basehttp 8908 17216 "GET /static/js/simplemde.min.js HTTP/1.1" 200 269322
2019-11-04 18:15:36,616 INFO basehttp 8908 17216 "GET /static/img/read_more_arrow.png HTTP/1.1" 200 1029
2019-11-04 18:15:36,617 INFO basehttp 8908 16856 "GET /static/webfonts/Lato-Bold.woff HTTP/1.1" 200 32372
2019-11-04 18:15:36,617 INFO basehttp 8908 13704 "GET /static/webfonts/fa-regular-400.woff2 HTTP/1.1" 200 13584
2019-11-04 18:15:36,618 INFO basehttp 8908 10856 "GET /static/webfonts/fa-solid-900.woff2 HTTP/1.1" 200 75728
2019-11-04 18:15:36,619 INFO basehttp 8908 3012 "GET /media/avatar/20191009/pic3_w3heRk6.jpg HTTP/1.1" 200 70981
2019-11-04 18:15:36,624 INFO basehttp 8908 17216 "GET /static/webfonts/Lato-Regular.woff HTTP/1.1" 200 31792
2019-11-04 18:15:36,627 INFO basehttp 8908 11964 "GET /static/img/home-bg-4.jpg HTTP/1.1" 200 298115
2019-11-04 18:15:36,628 INFO basehttp 8908 16856 "GET /static/webfonts/fa-brands-400.woff2 HTTP/1.1" 200 75336
2019-11-04 18:15:36,661 INFO basehttp 8908 16856 "GET /static/bootstrap/css/bootstrap.min.css.map HTTP/1.1" 200 625953
2019-11-04 18:15:36,704 INFO basehttp 8908 16856 "GET /static/bootstrap/js/bootstrap.min.js.map HTTP/1.1" 200 190253
2019-11-04 18:16:43,981 INFO basehttp 8908 16856 "GET / HTTP/1.1" 200 20878
2019-11-04 18:16:43,994 INFO basehttp 8908 16856 "GET /static/css/style.css HTTP/1.1" 200 15760
2019-11-04 18:17:53,253 INFO basehttp 8908 16856 "GET / HTTP/1.1" 200 20878
2019-11-04 18:17:53,267 INFO basehttp 8908 16856 "GET /static/css/style.css HTTP/1.1" 200 15755
2019-11-04 18:18:19,938 INFO basehttp 8908 16856 "GET / HTTP/1.1" 200 20878
2019-11-04 18:18:19,950 INFO basehttp 8908 16856 "GET /static/css/style.css HTTP/1.1" 200 15777
2019-11-04 18:20:25,428 INFO basehttp 8908 16856 "GET / HTTP/1.1" 200 20878
2019-11-04 18:20:25,442 INFO basehttp 8908 16856 "GET /static/css/style.css HTTP/1.1" 200 15779
2019-11-04 18:20:55,368 INFO basehttp 8908 16856 "GET / HTTP/1.1" 200 20878
2019-11-04 18:20:55,382 INFO basehttp 8908 16856 "GET /static/css/style.css HTTP/1.1" 200 15785
2019-11-04 18:20:55,382 INFO basehttp 8908 3516 "GET /static/js/blog-js.js HTTP/1.1" 304 0
2019-11-04 18:21:58,480 INFO basehttp 8908 3516 "GET / HTTP/1.1" 200 20878
2019-11-04 18:21:58,503 INFO basehttp 8908 15308 "GET /static/css/monokai.css HTTP/1.1" 200 4118
2019-11-04 18:21:58,503 INFO basehttp 8908 9912 "GET /static/css/style.css HTTP/1.1" 200 15785
2019-11-04 18:21:58,503 INFO basehttp 8908 3740 "GET /static/js/time.js HTTP/1.1" 200 891
2019-11-04 18:21:58,504 INFO basehttp 8908 3516 "GET /static/bootstrap/css/bootstrap.min.css HTTP/1.1" 200 155764
2019-11-04 18:21:58,504 INFO basehttp 8908 11052 "GET /static/css/simplemde.min.css HTTP/1.1" 200 10935
2019-11-04 18:21:58,505 INFO basehttp 8908 16856 "GET /static/css/all.css HTTP/1.1" 200 74946
2019-11-04 18:21:58,516 INFO basehttp 8908 11052 "GET /static/js/jquery-3.4.1.js HTTP/1.1" 200 88145
2019-11-04 18:21:58,522 INFO basehttp 8908 16856 "GET /static/js/blog-js.js HTTP/1.1" 200 3247
2019-11-04 18:21:58,522 INFO basehttp 8908 9912 "GET /static/js/popper.min.js HTTP/1.1" 200 20302
2019-11-04 18:21:58,523 INFO basehttp 8908 3516 "GET /static/bootstrap/js/bootstrap.min.js HTTP/1.1" 200 58078
2019-11-04 18:21:58,526 INFO basehttp 8908 15308 "GET /static/js/simplemde.min.js HTTP/1.1" 200 269322
2019-11-04 18:21:58,565 INFO basehttp 8908 15308 "GET /static/img/read_more_arrow.png HTTP/1.1" 200 1029
2019-11-04 18:21:58,574 INFO basehttp 8908 3740 "GET /static/webfonts/fa-regular-400.woff2 HTTP/1.1" 200 13584
2019-11-04 18:21:58,575 INFO basehttp 8908 11052 "GET /static/webfonts/Lato-Bold.woff HTTP/1.1" 200 32372
2019-11-04 18:21:58,575 INFO basehttp 8908 9912 "GET /static/webfonts/fa-solid-900.woff2 HTTP/1.1" 200 75728
2019-11-04 18:21:58,575 INFO basehttp 8908 15308 "GET /static/webfonts/Lato-Regular.woff HTTP/1.1" 200 31792
2019-11-04 18:21:58,575 INFO basehttp 8908 3516 "GET /media/avatar/20191009/pic3_w3heRk6.jpg HTTP/1.1" 200 70981
2019-11-04 18:21:58,583 INFO basehttp 8908 16856 "GET /static/img/home-bg-4.jpg HTTP/1.1" 200 298115
2019-11-04 18:21:58,583 INFO basehttp 8908 11052 "GET /static/webfonts/fa-brands-400.woff2 HTTP/1.1" 200 75336
2019-11-04 18:21:58,618 INFO basehttp 8908 11052 "GET /static/bootstrap/css/bootstrap.min.css.map HTTP/1.1" 200 625953
2019-11-04 18:21:58,668 INFO basehttp 8908 11052 "GET /static/bootstrap/js/bootstrap.min.js.map HTTP/1.1" 200 190253
2019-11-04 18:22:27,331 INFO basehttp 8908 11052 "GET / HTTP/1.1" 200 20878
2019-11-04 18:22:27,344 INFO basehttp 8908 11052 "GET /static/css/style.css HTTP/1.1" 200 15788
2019-11-04 18:22:34,810 INFO basehttp 8908 11052 "GET /article/article-create/ HTTP/1.1" 200 12691
2019-11-04 18:22:34,825 INFO basehttp 8908 11052 "GET /static/css/style.css HTTP/1.1" 304 0
2019-11-04 18:22:34,825 INFO basehttp 8908 3516 "GET /static/prism/prism.css HTTP/1.1" 200 4159
2019-11-04 18:22:34,827 INFO basehttp 8908 16856 "GET /static/ckeditor/ckeditor/plugins/prism/lib/prism/prism_patched.min.js HTTP/1.1" 200 99487
2019-11-04 18:22:36,742 INFO basehttp 8908 16856 "GET /article/article-list/ HTTP/1.1" 200 20878
2019-11-04 18:22:36,754 INFO basehttp 8908 16856 "GET /static/css/style.css HTTP/1.1" 304 0
2019-11-04 18:23:04,537 INFO basehttp 8908 16856 "GET /article/article-list/ HTTP/1.1" 200 20878
2019-11-04 18:23:04,552 INFO basehttp 8908 16856 "GET /static/css/style.css HTTP/1.1" 200 15786
2019-11-04 18:24:15,773 INFO basehttp 8908 16856 "GET /article/article-list/ HTTP/1.1" 200 20878
2019-11-04 18:24:15,788 INFO basehttp 8908 16856 "GET /static/css/style.css HTTP/1.1" 200 15792
2019-11-04 18:25:18,227 INFO basehttp 8908 16856 "GET /article/article-list/ HTTP/1.1" 200 20878
2019-11-04 18:25:18,240 INFO basehttp 8908 16856 "GET /static/css/style.css HTTP/1.1" 200 15793
2019-11-04 18:25:57,718 INFO basehttp 8908 16856 "GET /article/article-list/ HTTP/1.1" 200 20878
2019-11-04 18:25:57,737 INFO basehttp 8908 16856 "GET /static/css/style.css HTTP/1.1" 200 15797
2019-11-04 18:27:27,022 INFO basehttp 8908 16856 "GET /article/article-list/ HTTP/1.1" 200 20878
2019-11-04 18:27:27,036 INFO basehttp 8908 16856 "GET /static/css/style.css HTTP/1.1" 200 15796
2019-11-04 18:28:04,413 INFO basehttp 8908 16856 "GET /article/article-list/ HTTP/1.1" 200 20878
2019-11-04 18:28:04,429 INFO basehttp 8908 3916 "GET /static/js/blog-js.js HTTP/1.1" 304 0
2019-11-04 18:28:04,430 INFO basehttp 8908 16856 "GET /static/css/style.css HTTP/1.1" 200 15793
2019-11-04 18:28:38,533 INFO basehttp 8908 16856 "GET /article/article-list/ HTTP/1.1" 200 20878
2019-11-04 18:28:38,547 INFO basehttp 8908 16856 "GET /static/css/style.css HTTP/1.1" 200 15793
2019-11-04 18:29:14,577 INFO basehttp 8908 16856 "GET /article/article-list/ HTTP/1.1" 200 20878
2019-11-04 18:29:14,589 INFO basehttp 8908 16856 "GET /static/css/style.css HTTP/1.1" 200 15793
2019-11-04 18:29:15,418 INFO basehttp 8908 16856 "GET /article/article-list/ HTTP/1.1" 200 20878
2019-11-04 18:29:15,430 INFO basehttp 8908 16856 "GET /static/css/style.css HTTP/1.1" 304 0
2019-11-04 18:32:51,528 INFO basehttp 8908 16856 "GET /article/article-list/ HTTP/1.1" 200 20878
2019-11-04 18:32:51,542 INFO basehttp 8908 16856 "GET /static/css/style.css HTTP/1.1" 200 15793
2019-11-04 18:33:34,607 INFO basehttp 8908 16856 "GET /article/article-list/ HTTP/1.1" 200 20878
2019-11-04 18:33:34,619 INFO basehttp 8908 16856 "GET /static/css/style.css HTTP/1.1" 304 0
2019-11-04 18:34:27,124 INFO basehttp 8908 16856 "GET /article/article-list/ HTTP/1.1" 200 20878
2019-11-04 18:34:27,136 INFO basehttp 8908 16856 "GET /static/css/style.css HTTP/1.1" 200 15703
2019-11-04 18:39:41,588 INFO basehttp 8908 912 "GET /article/article-list/ HTTP/1.1" 200 20878
2019-11-04 18:39:41,602 INFO basehttp 8908 13512 "GET /static/js/blog-js.js HTTP/1.1" 304 0
2019-11-04 18:39:41,603 INFO basehttp 8908 912 "GET /static/css/style.css HTTP/1.1" 200 15753
2019-11-04 18:41:22,640 INFO basehttp 8908 912 "GET /article/article-list/ HTTP/1.1" 200 20878
2019-11-04 18:41:22,654 INFO basehttp 8908 912 "GET /static/css/style.css HTTP/1.1" 200 15833
2019-11-04 18:43:38,941 INFO basehttp 8908 912 "GET /article/article-list/ HTTP/1.1" 200 20878
2019-11-04 18:43:38,954 INFO basehttp 8908 912 "GET /static/css/style.css HTTP/1.1" 200 15753
2019-11-04 18:45:06,836 INFO basehttp 8908 912 "GET /article/article-list/ HTTP/1.1" 200 20878
2019-11-04 18:45:06,852 INFO basehttp 8908 912 "GET /static/css/style.css HTTP/1.1" 200 15735
2019-11-04 18:45:58,770 INFO basehttp 8908 912 "GET /article/article-list/ HTTP/1.1" 200 20878
2019-11-04 18:45:58,783 INFO basehttp 8908 912 "GET /static/css/style.css HTTP/1.1" 200 15767
2019-11-04 18:47:26,858 INFO basehttp 8908 912 "GET /article/article-list/ HTTP/1.1" 200 20878
2019-11-04 18:47:26,871 INFO basehttp 8908 912 "GET /static/css/style.css HTTP/1.1" 200 15769
2019-11-04 18:47:26,871 INFO basehttp 8908 1940 "GET /static/js/blog-js.js HTTP/1.1" 304 0
2019-11-04 18:47:52,777 INFO basehttp 8908 1940 "GET /article/article-list/ HTTP/1.1" 200 20878
2019-11-04 18:47:52,791 INFO basehttp 8908 1940 "GET /static/css/style.css HTTP/1.1" 200 15786
2019-11-04 18:48:26,569 INFO basehttp 8908 1940 "GET /article/article-list/ HTTP/1.1" 200 20878
2019-11-04 18:48:26,582 INFO basehttp 8908 1940 "GET /static/css/style.css HTTP/1.1" 200 15788
2019-11-04 18:53:35,840 INFO basehttp 8908 5616 "GET /article/article-list/ HTTP/1.1" 200 20878
2019-11-04 18:53:35,854 INFO basehttp 8908 5616 "GET /static/css/style.css HTTP/1.1" 200 15778
2019-11-04 18:53:54,281 INFO basehttp 8908 5616 "GET /article/article-list/ HTTP/1.1" 200 20878
2019-11-04 18:53:54,293 INFO basehttp 8908 5616 "GET /static/css/style.css HTTP/1.1" 200 15779
2019-11-04 18:55:28,117 INFO basehttp 8908 5616 "GET /article/article-list/ HTTP/1.1" 200 20878
2019-11-04 18:55:28,129 INFO basehttp 8908 5616 "GET /static/css/style.css HTTP/1.1" 200 15759
2019-11-04 18:55:28,923 INFO basehttp 8908 5616 "GET /article/article-list/ HTTP/1.1" 200 20878
2019-11-04 18:55:28,935 INFO basehttp 8908 5616 "GET /static/css/style.css HTTP/1.1" 304 0
2019-11-04 18:57:56,244 INFO basehttp 8908 5616 "GET /article/article-list/ HTTP/1.1" 200 20878
2019-11-04 18:57:56,258 INFO basehttp 8908 5616 "GET /static/css/style.css HTTP/1.1" 200 15779
2019-11-04 18:57:56,258 INFO basehttp 8908 6928 "GET /static/js/blog-js.js HTTP/1.1" 304 0
2019-11-04 19:01:29,965 INFO basehttp 8908 5616 "GET /article/article-list/ HTTP/1.1" 200 20878
2019-11-04 19:01:29,978 INFO basehttp 8908 5616 "GET /static/css/style.css HTTP/1.1" 200 15760
2019-11-04 19:03:24,322 INFO basehttp 8908 5616 "GET /article/article-list/ HTTP/1.1" 200 20878
2019-11-04 19:03:24,336 INFO basehttp 8908 5616 "GET /static/css/style.css HTTP/1.1" 200 15731
2019-11-04 19:03:47,948 INFO basehttp 8908 5616 "GET /article/article-list/ HTTP/1.1" 200 20878
2019-11-04 19:03:47,960 INFO basehttp 8908 5616 "GET /static/css/style.css HTTP/1.1" 200 15731
2019-11-04 19:04:12,233 INFO basehttp 8908 5616 "GET /article/article-list/ HTTP/1.1" 200 20878
2019-11-04 19:04:12,253 INFO basehttp 8908 3684 "GET /static/css/monokai.css HTTP/1.1" 200 4118
2019-11-04 19:04:12,254 INFO basehttp 8908 16008 "GET /static/css/style.css HTTP/1.1" 200 15731
2019-11-04 19:04:12,255 INFO basehttp 8908 12784 "GET /static/css/simplemde.min.css HTTP/1.1" 200 10935
2019-11-04 19:04:12,256 INFO basehttp 8908 16536 "GET /static/js/time.js HTTP/1.1" 200 891
2019-11-04 19:04:12,258 INFO basehttp 8908 5612 "GET /static/css/all.css HTTP/1.1" 200 74946
2019-11-04 19:04:12,260 INFO basehttp 8908 5616 "GET /static/bootstrap/css/bootstrap.min.css HTTP/1.1" 200 155764
2019-11-04 19:04:12,261 INFO basehttp 8908 3684 "GET /static/js/popper.min.js HTTP/1.1" 200 20302
2019-11-04 19:04:12,261 INFO basehttp 8908 16008 "GET /static/js/jquery-3.4.1.js HTTP/1.1" 200 88145
2019-11-04 19:04:12,283 INFO basehttp 8908 5612 "GET /static/js/blog-js.js HTTP/1.1" 200 3247
2019-11-04 19:04:12,284 INFO basehttp 8908 16536 "GET /static/bootstrap/js/bootstrap.min.js HTTP/1.1" 200 58078
2019-11-04 19:04:12,288 INFO basehttp 8908 12784 "GET /static/js/simplemde.min.js HTTP/1.1" 200 269322
2019-11-04 19:04:12,316 INFO basehttp 8908 12784 "GET /static/img/read_more_arrow.png HTTP/1.1" 200 1029
2019-11-04 19:04:12,319 INFO basehttp 8908 5616 "GET /static/webfonts/fa-regular-400.woff2 HTTP/1.1" 200 13584
2019-11-04 19:04:12,319 INFO basehttp 8908 3684 "GET /static/webfonts/Lato-Bold.woff HTTP/1.1" 200 32372
2019-11-04 19:04:12,320 INFO basehttp 8908 5612 "GET /media/avatar/20191009/pic3_w3heRk6.jpg HTTP/1.1" 200 70981
2019-11-04 19:04:12,321 INFO basehttp 8908 12784 "GET /static/webfonts/Lato-Regular.woff HTTP/1.1" 200 31792
2019-11-04 19:04:12,322 INFO basehttp 8908 16008 "GET /static/webfonts/fa-solid-900.woff2 HTTP/1.1" 200 75728
2019-11-04 19:04:12,326 INFO basehttp 8908 5612 "GET /static/webfonts/fa-brands-400.woff2 HTTP/1.1" 200 75336
2019-11-04 19:04:12,326 INFO basehttp 8908 16536 "GET /static/img/home-bg-4.jpg HTTP/1.1" 200 298115
2019-11-04 19:04:12,359 INFO basehttp 8908 5612 "GET /static/bootstrap/css/bootstrap.min.css.map HTTP/1.1" 200 625953
2019-11-04 19:04:12,438 INFO basehttp 8908 5612 "GET /static/bootstrap/js/bootstrap.min.js.map HTTP/1.1" 200 190253
2019-11-04 19:08:48,723 INFO basehttp 8908 5612 "GET /article/article-list/ HTTP/1.1" 200 20878
2019-11-04 19:08:48,736 INFO basehttp 8908 5612 "GET /static/css/style.css HTTP/1.1" 200 15728
2019-11-04 19:10:29,494 INFO basehttp 8908 5612 "GET /article/article-list/ HTTP/1.1" 200 20878
2019-11-04 19:10:29,506 INFO basehttp 8908 5612 "GET /static/css/style.css HTTP/1.1" 200 15759
2019-11-04 19:22:36,070 INFO basehttp 8908 15848 "GET /article/article-list/ HTTP/1.1" 200 20878
2019-11-04 19:22:36,082 INFO basehttp 8908 11420 "GET /static/js/blog-js.js HTTP/1.1" 304 0
2019-11-04 19:22:36,082 INFO basehttp 8908 15848 "GET /static/css/style.css HTTP/1.1" 200 15807
2019-11-04 19:22:55,289 INFO basehttp 8908 11420 "GET /article/article-list/ HTTP/1.1" 200 20878
2019-11-04 19:22:55,301 INFO basehttp 8908 11420 "GET /static/css/style.css HTTP/1.1" 200 15809
2019-11-04 19:24:16,850 INFO basehttp 8908 11420 "GET /article/article-list/ HTTP/1.1" 200 20878
2019-11-04 19:24:16,861 INFO basehttp 8908 11420 "GET /static/css/style.css HTTP/1.1" 200 15844
2019-11-04 19:24:47,014 INFO basehttp 8908 11420 "GET /article/article-list/ HTTP/1.1" 200 20878
2019-11-04 19:24:47,025 INFO basehttp 8908 11420 "GET /static/css/style.css HTTP/1.1" 200 15848
2019-11-04 19:25:21,478 INFO basehttp 8908 11420 "GET /article/article-list/ HTTP/1.1" 200 20878
2019-11-04 19:25:21,488 INFO basehttp 8908 11420 "GET /static/css/style.css HTTP/1.1" 200 15848
2019-11-04 19:26:46,266 INFO basehttp 8908 11420 "GET /article/article-list/ HTTP/1.1" 200 20878
2019-11-04 19:26:46,276 INFO basehttp 8908 11420 "GET /static/css/style.css HTTP/1.1" 200 15848
2019-11-04 19:26:55,712 INFO basehttp 8908 11420 "GET /static/css/style.css HTTP/1.1" 304 0
2019-11-04 19:27:15,093 INFO basehttp 8908 11420 "GET /article/article-list/ HTTP/1.1" 200 20878
2019-11-04 19:27:15,104 INFO basehttp 8908 11420 "GET /static/css/style.css HTTP/1.1" 200 15848
2019-11-04 19:33:15,133 INFO basehttp 8908 1452 "GET /article/article-list/ HTTP/1.1" 200 20878
2019-11-04 19:33:15,146 INFO basehttp 8908 1452 "GET /static/css/style.css HTTP/1.1" 200 15854
2019-11-04 19:35:48,546 INFO basehttp 8908 1452 "GET /article/article-list/ HTTP/1.1" 200 20878
2019-11-04 19:35:48,559 INFO basehttp 8908 1452 "GET /static/css/style.css HTTP/1.1" 304 0
2019-11-04 19:35:48,560 INFO basehttp 8908 4728 "GET /static/js/blog-js.js HTTP/1.1" 304 0
2019-11-04 19:35:59,954 INFO basehttp 8908 4728 "GET /article/article-list/ HTTP/1.1" 200 20878
2019-11-04 19:36:02,487 INFO basehttp 8908 4728 "GET /article/article-list/ HTTP/1.1" 200 20878
2019-11-04 19:36:14,148 INFO basehttp 8908 4728 "GET /article/article-list/ HTTP/1.1" 200 20878
2019-11-04 19:36:14,170 INFO basehttp 8908 11852 "GET /static/css/monokai.css HTTP/1.1" 200 4118
2019-11-04 19:36:14,171 INFO basehttp 8908 1944 "GET /static/css/style.css HTTP/1.1" 200 15848
2019-11-04 19:36:14,173 INFO basehttp 8908 1452 "GET /static/css/all.css HTTP/1.1" 200 74946
2019-11-04 19:36:14,178 INFO basehttp 8908 4728 "GET /static/bootstrap/css/bootstrap.min.css HTTP/1.1" 200 155764
2019-11-04 19:36:14,181 INFO basehttp 8908 10016 "GET /static/css/simplemde.min.css HTTP/1.1" 200 10935
2019-11-04 19:36:14,183 INFO basehttp 8908 1452 "GET /static/bootstrap/js/bootstrap.min.js HTTP/1.1" 200 58078
2019-11-04 19:36:14,183 INFO basehttp 8908 2888 "GET /static/js/time.js HTTP/1.1" 200 891
2019-11-04 19:36:14,183 INFO basehttp 8908 11852 "GET /static/js/popper.min.js HTTP/1.1" 200 20302
2019-11-04 19:36:14,185 INFO basehttp 8908 1944 "GET /static/js/jquery-3.4.1.js HTTP/1.1" 200 88145
2019-11-04 19:36:14,187 INFO basehttp 8908 10016 "GET /static/js/blog-js.js HTTP/1.1" 200 3247
2019-11-04 19:36:14,191 INFO basehttp 8908 4728 "GET /static/js/simplemde.min.js HTTP/1.1" 200 269322
2019-11-04 19:36:14,247 INFO basehttp 8908 4728 "GET /static/img/read_more_arrow.png HTTP/1.1" 200 1029
2019-11-04 19:36:14,250 INFO basehttp 8908 2888 "GET /static/webfonts/fa-regular-400.woff2 HTTP/1.1" 200 13584
2019-11-04 19:36:14,252 INFO basehttp 8908 11852 "GET /static/webfonts/fa-solid-900.woff2 HTTP/1.1" 200 75728
2019-11-04 19:36:14,252 INFO basehttp 8908 1944 "GET /static/webfonts/Lato-Bold.woff HTTP/1.1" 200 32372
2019-11-04 19:36:14,255 INFO basehttp 8908 1452 "GET /media/avatar/20191009/pic3_w3heRk6.jpg HTTP/1.1" 200 70981
2019-11-04 19:36:14,258 INFO basehttp 8908 4728 "GET /static/webfonts/Lato-Regular.woff HTTP/1.1" 200 31792
2019-11-04 19:36:14,259 INFO basehttp 8908 2888 "GET /static/webfonts/fa-brands-400.woff2 HTTP/1.1" 200 75336
2019-11-04 19:36:14,260 INFO basehttp 8908 10016 "GET /static/img/home-bg-4.jpg HTTP/1.1" 200 298115
2019-11-04 19:36:14,300 INFO basehttp 8908 2888 "GET /static/bootstrap/css/bootstrap.min.css.map HTTP/1.1" 200 625953
2019-11-04 19:36:14,329 INFO basehttp 8908 2888 "GET /static/bootstrap/js/bootstrap.min.js.map HTTP/1.1" 200 190253
2019-11-04 19:37:12,635 INFO basehttp 8908 2888 "GET /article/article-list/ HTTP/1.1" 200 20877
2019-11-04 19:37:12,649 INFO basehttp 8908 2888 "GET /static/css/style.css HTTP/1.1" 304 0
2019-11-04 19:38:19,363 INFO basehttp 8908 2888 "GET /article/article-list/ HTTP/1.1" 200 20877
2019-11-04 19:38:19,377 INFO basehttp 8908 2888 "GET /static/css/style.css HTTP/1.1" 304 0
